d:\universidad\1-2024\estructura_de_datos\proyectofinal_mincut\proyectofinal_mincut\x64\debug\vc143.pdb
d:\universidad\1-2024\estructura_de_datos\proyectofinal_mincut\proyectofinal_mincut\x64\debug\vc143.idb
d:\universidad\1-2024\estructura_de_datos\proyectofinal_mincut\proyectofinal_mincut\x64\debug\nodee.obj
d:\universidad\1-2024\estructura_de_datos\proyectofinal_mincut\proyectofinal_mincut\x64\debug\node.obj
d:\universidad\1-2024\estructura_de_datos\proyectofinal_mincut\proyectofinal_mincut\x64\debug\minheap.obj
d:\universidad\1-2024\estructura_de_datos\proyectofinal_mincut\proyectofinal_mincut\x64\debug\list_8.obj
d:\universidad\1-2024\estructura_de_datos\proyectofinal_mincut\proyectofinal_mincut\x64\debug\grafo.obj
d:\universidad\1-2024\estructura_de_datos\proyectofinal_mincut\proyectofinal_mincut\x64\debug\dupla.obj
d:\universidad\1-2024\estructura_de_datos\proyectofinal_mincut\proyectofinal_mincut\x64\debug\proyectofinal_mincut.obj
d:\universidad\1-2024\estructura_de_datos\proyectofinal_mincut\proyectofinal_mincut\x64\debug\lista1.obj
d:\universidad\1-2024\estructura_de_datos\proyectofinal_mincut\x64\debug\proyectofinal_mincut.exe
d:\universidad\1-2024\estructura_de_datos\proyectofinal_mincut\proyectofinal_mincut\x64\debug\proyectofinal_mincut.ilk
d:\universidad\1-2024\estructura_de_datos\proyectofinal_mincut\x64\debug\proyectofinal_mincut.pdb
d:\universidad\1-2024\estructura_de_datos\proyectofinal_mincut\proyectofinal_mincut\x64\debug\proyecto.d092170a.tlog\cl.command.1.tlog
d:\universidad\1-2024\estructura_de_datos\proyectofinal_mincut\proyectofinal_mincut\x64\debug\proyecto.d092170a.tlog\cl.items.tlog
d:\universidad\1-2024\estructura_de_datos\proyectofinal_mincut\proyectofinal_mincut\x64\debug\proyecto.d092170a.tlog\cl.read.1.tlog
d:\universidad\1-2024\estructura_de_datos\proyectofinal_mincut\proyectofinal_mincut\x64\debug\proyecto.d092170a.tlog\cl.write.1.tlog
d:\universidad\1-2024\estructura_de_datos\proyectofinal_mincut\proyectofinal_mincut\x64\debug\proyecto.d092170a.tlog\link.command.1.tlog
d:\universidad\1-2024\estructura_de_datos\proyectofinal_mincut\proyectofinal_mincut\x64\debug\proyecto.d092170a.tlog\link.read.1.tlog
d:\universidad\1-2024\estructura_de_datos\proyectofinal_mincut\proyectofinal_mincut\x64\debug\proyecto.d092170a.tlog\link.write.1.tlog
